[0.057s] Invoking command in '/home/osawakousei/ros2_ws/src/custom_test_msgs/build/custom_test_msgs': CMAKE_PREFIX_PATH=${CMAKE_PREFIX_PATH}:/opt/ros/humble /usr/bin/cmake /home/osawakousei/ros2_ws/src/custom_test_msgs -DCMAKE_INSTALL_PREFIX=/home/osawakousei/ros2_ws/src/custom_test_msgs/install/custom_test_msgs
[0.216s] -- The C compiler identification is GNU 11.4.0
[0.387s] -- The CXX compiler identification is GNU 11.4.0
[0.409s] -- Detecting C compiler ABI info
[0.610s] -- Detecting C compiler ABI info - done
[0.625s] -- Check for working C compiler: /usr/bin/cc - skipped
[0.626s] -- Detecting C compile features
[0.627s] -- Detecting C compile features - done
[0.634s] -- Detecting CXX compiler ABI info
[0.873s] -- Detecting CXX compiler ABI info - done
[0.887s] -- Check for working CXX compiler: /usr/bin/c++ - skipped
[0.888s] -- Detecting CXX compile features
[0.889s] -- Detecting CXX compile features - done
[0.900s] -- Found ament_cmake: 1.3.5 (/opt/ros/humble/share/ament_cmake/cmake)
[1.397s] -- Found Python3: /usr/bin/python3.10 (found version "3.10.12") found components: Interpreter 
[1.728s] -- Found rclcpp: 16.0.5 (/opt/ros/humble/share/rclcpp/cmake)
[1.889s] -- Found rosidl_generator_c: 3.1.5 (/opt/ros/humble/share/rosidl_generator_c/cmake)
[1.910s] -- Found rosidl_adapter: 3.1.5 (/opt/ros/humble/share/rosidl_adapter/cmake)
[1.939s] -- Found rosidl_generator_cpp: 3.1.5 (/opt/ros/humble/share/rosidl_generator_cpp/cmake)
[1.993s] -- Using all available rosidl_typesupport_c: rosidl_typesupport_fastrtps_c;rosidl_typesupport_introspection_c
[2.071s] -- Using all available rosidl_typesupport_cpp: rosidl_typesupport_fastrtps_cpp;rosidl_typesupport_introspection_cpp
[2.343s] -- Found rmw_implementation_cmake: 6.1.1 (/opt/ros/humble/share/rmw_implementation_cmake/cmake)
[2.358s] -- Found rmw_fastrtps_cpp: 6.2.3 (/opt/ros/humble/share/rmw_fastrtps_cpp/cmake)
[2.798s] -- Found OpenSSL: /usr/lib/x86_64-linux-gnu/libcrypto.so (found version "3.0.2")  
[2.882s] -- Found FastRTPS: /opt/ros/humble/include  
[3.037s] -- Using RMW implementation 'rmw_fastrtps_cpp' as default
[3.086s] -- Looking for pthread.h
[3.375s] -- Looking for pthread.h - found
[3.377s] -- Performing Test CMAKE_HAVE_LIBC_PTHREAD
[3.663s] -- Performing Test CMAKE_HAVE_LIBC_PTHREAD - Success
[3.667s] -- Found Threads: TRUE  
[4.172s] -- Found rosidl_default_generators: 1.2.0 (/opt/ros/humble/share/rosidl_default_generators/cmake)
[4.215s] -- Found ament_lint_auto: 0.12.7 (/opt/ros/humble/share/ament_lint_auto/cmake)
[5.064s] -- Found ament_cmake_ros: 0.10.0 (/opt/ros/humble/share/ament_cmake_ros/cmake)
[6.020s] -- Using all available rosidl_typesupport_c: rosidl_typesupport_fastrtps_c;rosidl_typesupport_introspection_c
[6.391s] -- Using all available rosidl_typesupport_cpp: rosidl_typesupport_fastrtps_cpp;rosidl_typesupport_introspection_cpp
[6.469s] -- Found PythonInterp: /usr/bin/python3 (found suitable version "3.10.12", minimum required is "3.6") 
[6.481s] -- Found python_cmake_module: 0.10.0 (/opt/ros/humble/share/python_cmake_module/cmake)
[6.564s] -- Found PythonLibs: /usr/lib/x86_64-linux-gnu/libpython3.10.so (found suitable version "3.10.12", minimum required is "3.5") 
[6.565s] -- Using PYTHON_EXECUTABLE: /usr/bin/python3
[6.565s] -- Using PYTHON_INCLUDE_DIRS: /usr/include/python3.10
[6.565s] -- Using PYTHON_LIBRARIES: /usr/lib/x86_64-linux-gnu/libpython3.10.so
[6.633s] -- Found PythonExtra: .so  
[6.920s] -- Added test 'cppcheck' to perform static code analysis on C / C++ code
[6.922s] -- Configured cppcheck include dirs: $<BUILD_INTERFACE:/home/osawakousei/ros2_ws/src/custom_test_msgs/build/custom_test_msgs/rosidl_generator_c>;$<BUILD_INTERFACE:/home/osawakousei/ros2_ws/src/custom_test_msgs/build/custom_test_msgs/rosidl_typesupport_fastrtps_c>;$<BUILD_INTERFACE:/home/osawakousei/ros2_ws/src/custom_test_msgs/build/custom_test_msgs/rosidl_generator_cpp>;$<BUILD_INTERFACE:/home/osawakousei/ros2_ws/src/custom_test_msgs/build/custom_test_msgs/rosidl_typesupport_fastrtps_cpp>;$<BUILD_INTERFACE:/home/osawakousei/ros2_ws/src/custom_test_msgs/build/custom_test_msgs/rosidl_typesupport_introspection_c>;$<BUILD_INTERFACE:/home/osawakousei/ros2_ws/src/custom_test_msgs/build/custom_test_msgs/rosidl_typesupport_introspection_cpp>;/home/osawakousei/ros2_ws/src/custom_test_msgs/build/custom_test_msgs/rosidl_generator_c;/home/osawakousei/ros2_ws/src/custom_test_msgs/build/custom_test_msgs/rosidl_generator_py
[6.922s] -- Configured cppcheck exclude dirs and/or files: 
[6.946s] -- Added test 'flake8' to check Python code syntax and style conventions
[6.989s] -- Added test 'lint_cmake' to check CMake code style
[7.012s] -- Added test 'pep257' to check Python code against some of the docstring style conventions in PEP 257
[7.181s] -- Added test 'uncrustify' to check C / C++ code style
[7.182s] -- Configured uncrustify additional arguments: 
[7.205s] -- Added test 'xmllint' to check XML markup files
[7.218s] -- Configuring done
[7.344s] -- Generating done
[7.361s] -- Build files have been written to: /home/osawakousei/ros2_ws/src/custom_test_msgs/build/custom_test_msgs
[7.390s] Invoked command in '/home/osawakousei/ros2_ws/src/custom_test_msgs/build/custom_test_msgs' returned '0': CMAKE_PREFIX_PATH=${CMAKE_PREFIX_PATH}:/opt/ros/humble /usr/bin/cmake /home/osawakousei/ros2_ws/src/custom_test_msgs -DCMAKE_INSTALL_PREFIX=/home/osawakousei/ros2_ws/src/custom_test_msgs/install/custom_test_msgs
[7.398s] Invoking command in '/home/osawakousei/ros2_ws/src/custom_test_msgs/build/custom_test_msgs': CMAKE_PREFIX_PATH=${CMAKE_PREFIX_PATH}:/opt/ros/humble /usr/bin/cmake --build /home/osawakousei/ros2_ws/src/custom_test_msgs/build/custom_test_msgs -- -j8 -l8
[7.569s] [35m[1mConsolidate compiler generated dependencies of target custom_test_msgs__rosidl_generator_c[0m
[7.613s] [  2%] Built target custom_test_msgs__cpp
[7.624s] [  5%] [32mBuilding C object CMakeFiles/custom_test_msgs__rosidl_generator_c.dir/rosidl_generator_c/custom_test_msgs/srv/detail/add_three_ints__functions.c.o[0m
[7.646s] [  5%] Built target ament_cmake_python_copy_custom_test_msgs
[7.662s] [35m[1mConsolidate compiler generated dependencies of target custom_test_msgs__rosidl_typesupport_cpp[0m
[7.662s] [35m[1mConsolidate compiler generated dependencies of target custom_test_msgs__rosidl_typesupport_introspection_cpp[0m
[7.664s] [35m[1mConsolidate compiler generated dependencies of target custom_test_msgs__rosidl_typesupport_fastrtps_cpp[0m
[7.678s] In file included from [01m[K/home/osawakousei/ros2_ws/src/custom_test_msgs/build/custom_test_msgs/rosidl_generator_c/custom_test_msgs/srv/detail/add_three_ints__functions.h:19[m[K,
[7.678s]                  from [01m[K/home/osawakousei/ros2_ws/src/custom_test_msgs/build/custom_test_msgs/rosidl_generator_c/custom_test_msgs/srv/detail/add_three_ints__functions.c:4[m[K:
[7.678s] [01m[K/home/osawakousei/ros2_ws/src/custom_test_msgs/build/custom_test_msgs/rosidl_generator_c/custom_test_msgs/srv/detail/add_three_ints__struct.h:24:10:[m[K [01;31m[Kfatal error: [m[Kcustom_test_msgs/msg/detail/int64__struct.h: „Åù„ÅÆ„Çà„ÅÜ„Å™„Éï„Ç°„Ç§„É´„ÇÑ„Éá„Ç£„É¨„ÇØ„Éà„É™„ÅØ„ÅÇ„Çä„Åæ„Åõ„Çì
[7.679s]    24 | #include [01;31m[K"custom_test_msgs/msg/detail/int64__struct.h"[m[K
[7.679s]       |          [01;31m[K^~~~~~~~~~~~~~~~~~~~~~~~~~~~~~~~~~~~~~~~~~~~~[m[K
[7.679s] compilation terminated.
[7.680s] gmake[2]: *** [CMakeFiles/custom_test_msgs__rosidl_generator_c.dir/build.make:135: CMakeFiles/custom_test_msgs__rosidl_generator_c.dir/rosidl_generator_c/custom_test_msgs/srv/detail/add_three_ints__functions.c.o] „Ç®„É©„Éº 1
[7.681s] gmake[1]: *** [CMakeFiles/Makefile2:213: CMakeFiles/custom_test_msgs__rosidl_generator_c.dir/all] „Ç®„É©„Éº 2
[7.681s] gmake[1]: *** Êú™ÂÆå‰∫Ü„ÅÆ„Ç∏„Éß„Éñ„ÇíÂæÖ„Å£„Å¶„ÅÑ„Åæ„Åô....
[7.721s] [  7%] [32mBuilding CXX object CMakeFiles/custom_test_msgs__rosidl_typesupport_cpp.dir/rosidl_typesupport_cpp/custom_test_msgs/srv/add_three_ints__type_support.cpp.o[0m
[7.722s] [ 10%] [32mBuilding CXX object CMakeFiles/custom_test_msgs__rosidl_typesupport_introspection_cpp.dir/rosidl_typesupport_introspection_cpp/custom_test_msgs/srv/detail/add_three_ints__type_support.cpp.o[0m
[7.727s] [ 12%] [32mBuilding CXX object CMakeFiles/custom_test_msgs__rosidl_typesupport_fastrtps_cpp.dir/rosidl_typesupport_fastrtps_cpp/custom_test_msgs/srv/detail/dds_fastrtps/add_three_ints__type_support.cpp.o[0m
[7.916s] In file included from [01m[K/home/osawakousei/ros2_ws/src/custom_test_msgs/build/custom_test_msgs/rosidl_typesupport_cpp/custom_test_msgs/srv/add_three_ints__type_support.cpp:7[m[K:
[7.916s] [01m[K/home/osawakousei/ros2_ws/src/custom_test_msgs/build/custom_test_msgs/rosidl_generator_cpp/custom_test_msgs/srv/detail/add_three_ints__struct.hpp:22:10:[m[K [01;31m[Kfatal error: [m[Kcustom_test_msgs/msg/detail/int64__struct.hpp: „Åù„ÅÆ„Çà„ÅÜ„Å™„Éï„Ç°„Ç§„É´„ÇÑ„Éá„Ç£„É¨„ÇØ„Éà„É™„ÅØ„ÅÇ„Çä„Åæ„Åõ„Çì
[7.916s]    22 | #include [01;31m[K"custom_test_msgs/msg/detail/int64__struct.hpp"[m[K
[7.917s]       |          [01;31m[K^~~~~~~~~~~~~~~~~~~~~~~~~~~~~~~~~~~~~~~~~~~~~~~[m[K
[7.917s] compilation terminated.
[7.920s] gmake[2]: *** [CMakeFiles/custom_test_msgs__rosidl_typesupport_cpp.dir/build.make:104: CMakeFiles/custom_test_msgs__rosidl_typesupport_cpp.dir/rosidl_typesupport_cpp/custom_test_msgs/srv/add_three_ints__type_support.cpp.o] „Ç®„É©„Éº 1
[7.920s] gmake[1]: *** [CMakeFiles/Makefile2:395: CMakeFiles/custom_test_msgs__rosidl_typesupport_cpp.dir/all] „Ç®„É©„Éº 2
[7.928s] In file included from [01m[K/home/osawakousei/ros2_ws/src/custom_test_msgs/build/custom_test_msgs/rosidl_typesupport_introspection_cpp/custom_test_msgs/srv/detail/add_three_ints__type_support.cpp:12[m[K:
[7.928s] [01m[K/home/osawakousei/ros2_ws/src/custom_test_msgs/build/custom_test_msgs/rosidl_generator_cpp/custom_test_msgs/srv/detail/add_three_ints__struct.hpp:22:10:[m[K [01;31m[Kfatal error: [m[Kcustom_test_msgs/msg/detail/int64__struct.hpp: „Åù„ÅÆ„Çà„ÅÜ„Å™„Éï„Ç°„Ç§„É´„ÇÑ„Éá„Ç£„É¨„ÇØ„Éà„É™„ÅØ„ÅÇ„Çä„Åæ„Åõ„Çì
[7.928s]    22 | #include [01;31m[K"custom_test_msgs/msg/detail/int64__struct.hpp"[m[K
[7.928s]       |          [01;31m[K^~~~~~~~~~~~~~~~~~~~~~~~~~~~~~~~~~~~~~~~~~~~~~~[m[K
[7.928s] compilation terminated.
[7.931s] In file included from [01m[K/home/osawakousei/ros2_ws/src/custom_test_msgs/build/custom_test_msgs/rosidl_typesupport_fastrtps_cpp/custom_test_msgs/srv/detail/add_three_ints__rosidl_typesupport_fastrtps_cpp.hpp:11[m[K,
[7.931s]                  from [01m[K/home/osawakousei/ros2_ws/src/custom_test_msgs/build/custom_test_msgs/rosidl_typesupport_fastrtps_cpp/custom_test_msgs/srv/detail/dds_fastrtps/add_three_ints__type_support.cpp:4[m[K:
[7.931s] [01m[K/home/osawakousei/ros2_ws/src/custom_test_msgs/build/custom_test_msgs/rosidl_generator_cpp/custom_test_msgs/srv/detail/add_three_ints__struct.hpp:22:10:[m[K [01;31m[Kfatal error: [m[Kcustom_test_msgs/msg/detail/int64__struct.hpp: „Åù„ÅÆ„Çà„ÅÜ„Å™„Éï„Ç°„Ç§„É´„ÇÑ„Éá„Ç£„É¨„ÇØ„Éà„É™„ÅØ„ÅÇ„Çä„Åæ„Åõ„Çì
[7.932s]    22 | #include [01;31m[K"custom_test_msgs/msg/detail/int64__struct.hpp"[m[K
[7.932s]       |          [01;31m[K^~~~~~~~~~~~~~~~~~~~~~~~~~~~~~~~~~~~~~~~~~~~~~~[m[K
[7.932s] compilation terminated.
[7.932s] gmake[2]: *** [CMakeFiles/custom_test_msgs__rosidl_typesupport_introspection_cpp.dir/build.make:112: CMakeFiles/custom_test_msgs__rosidl_typesupport_introspection_cpp.dir/rosidl_typesupport_introspection_cpp/custom_test_msgs/srv/detail/add_three_ints__type_support.cpp.o] „Ç®„É©„Éº 1
[7.933s] gmake[1]: *** [CMakeFiles/Makefile2:369: CMakeFiles/custom_test_msgs__rosidl_typesupport_introspection_cpp.dir/all] „Ç®„É©„Éº 2
[7.934s] gmake[2]: *** [CMakeFiles/custom_test_msgs__rosidl_typesupport_fastrtps_cpp.dir/build.make:112: CMakeFiles/custom_test_msgs__rosidl_typesupport_fastrtps_cpp.dir/rosidl_typesupport_fastrtps_cpp/custom_test_msgs/srv/detail/dds_fastrtps/add_three_ints__type_support.cpp.o] „Ç®„É©„Éº 1
[7.935s] gmake[1]: *** [CMakeFiles/Makefile2:291: CMakeFiles/custom_test_msgs__rosidl_typesupport_fastrtps_cpp.dir/all] „Ç®„É©„Éº 2
[8.416s] running egg_info
[8.418s] writing custom_test_msgs.egg-info/PKG-INFO
[8.419s] writing dependency_links to custom_test_msgs.egg-info/dependency_links.txt
[8.419s] writing top-level names to custom_test_msgs.egg-info/top_level.txt
[8.425s] reading manifest file 'custom_test_msgs.egg-info/SOURCES.txt'
[8.427s] writing manifest file 'custom_test_msgs.egg-info/SOURCES.txt'
[8.502s] [ 12%] Built target ament_cmake_python_build_custom_test_msgs_egg
[8.505s] gmake: *** [Makefile:146: all] „Ç®„É©„Éº 2
[8.511s] Invoked command in '/home/osawakousei/ros2_ws/src/custom_test_msgs/build/custom_test_msgs' returned '2': CMAKE_PREFIX_PATH=${CMAKE_PREFIX_PATH}:/opt/ros/humble /usr/bin/cmake --build /home/osawakousei/ros2_ws/src/custom_test_msgs/build/custom_test_msgs -- -j8 -l8
