[0.053s] Invoking command in '/home/osawakousei/ros2_ws/src/custom_test_msgs/build/custom_test_msgs': CMAKE_PREFIX_PATH=${CMAKE_PREFIX_PATH}:/opt/ros/humble /usr/bin/cmake --build /home/osawakousei/ros2_ws/src/custom_test_msgs/build/custom_test_msgs -- -j8 -l8
[0.137s] -- Found ament_cmake: 1.3.5 (/opt/ros/humble/share/ament_cmake/cmake)
[0.546s] -- Found rclcpp: 16.0.5 (/opt/ros/humble/share/rclcpp/cmake)
[0.622s] -- Found rosidl_generator_c: 3.1.5 (/opt/ros/humble/share/rosidl_generator_c/cmake)
[0.629s] -- Found rosidl_adapter: 3.1.5 (/opt/ros/humble/share/rosidl_adapter/cmake)
[0.647s] -- Found rosidl_generator_cpp: 3.1.5 (/opt/ros/humble/share/rosidl_generator_cpp/cmake)
[0.675s] -- Using all available rosidl_typesupport_c: rosidl_typesupport_fastrtps_c;rosidl_typesupport_introspection_c
[0.718s] -- Using all available rosidl_typesupport_cpp: rosidl_typesupport_fastrtps_cpp;rosidl_typesupport_introspection_cpp
[0.857s] -- Found rmw_implementation_cmake: 6.1.1 (/opt/ros/humble/share/rmw_implementation_cmake/cmake)
[0.857s] -- Found rmw_fastrtps_cpp: 6.2.3 (/opt/ros/humble/share/rmw_fastrtps_cpp/cmake)
[1.153s] -- Using RMW implementation 'rmw_fastrtps_cpp' as default
[1.557s] -- Found rosidl_default_generators: 1.2.0 (/opt/ros/humble/share/rosidl_default_generators/cmake)
[1.588s] -- Found ament_lint_auto: 0.12.7 (/opt/ros/humble/share/ament_lint_auto/cmake)
[2.285s] -- Found ament_cmake_ros: 0.10.0 (/opt/ros/humble/share/ament_cmake_ros/cmake)
[3.104s] -- Using all available rosidl_typesupport_c: rosidl_typesupport_fastrtps_c;rosidl_typesupport_introspection_c
[3.431s] -- Using all available rosidl_typesupport_cpp: rosidl_typesupport_fastrtps_cpp;rosidl_typesupport_introspection_cpp
[3.499s] -- Found python_cmake_module: 0.10.0 (/opt/ros/humble/share/python_cmake_module/cmake)
[3.562s] -- Using PYTHON_EXECUTABLE: /usr/bin/python3
[3.563s] -- Using PYTHON_INCLUDE_DIRS: /usr/include/python3.10
[3.563s] -- Using PYTHON_LIBRARIES: /usr/lib/x86_64-linux-gnu/libpython3.10.so
[3.748s] -- Added test 'cppcheck' to perform static code analysis on C / C++ code
[3.750s] -- Configured cppcheck include dirs: $<BUILD_INTERFACE:/home/osawakousei/ros2_ws/src/custom_test_msgs/build/custom_test_msgs/rosidl_generator_c>;$<BUILD_INTERFACE:/home/osawakousei/ros2_ws/src/custom_test_msgs/build/custom_test_msgs/rosidl_typesupport_fastrtps_c>;$<BUILD_INTERFACE:/home/osawakousei/ros2_ws/src/custom_test_msgs/build/custom_test_msgs/rosidl_generator_cpp>;$<BUILD_INTERFACE:/home/osawakousei/ros2_ws/src/custom_test_msgs/build/custom_test_msgs/rosidl_typesupport_fastrtps_cpp>;$<BUILD_INTERFACE:/home/osawakousei/ros2_ws/src/custom_test_msgs/build/custom_test_msgs/rosidl_typesupport_introspection_c>;$<BUILD_INTERFACE:/home/osawakousei/ros2_ws/src/custom_test_msgs/build/custom_test_msgs/rosidl_typesupport_introspection_cpp>;/home/osawakousei/ros2_ws/src/custom_test_msgs/build/custom_test_msgs/rosidl_generator_c;/home/osawakousei/ros2_ws/src/custom_test_msgs/build/custom_test_msgs/rosidl_generator_py
[3.750s] -- Configured cppcheck exclude dirs and/or files: 
[3.769s] -- Added test 'flake8' to check Python code syntax and style conventions
[3.805s] -- Added test 'lint_cmake' to check CMake code style
[3.822s] -- Added test 'pep257' to check Python code against some of the docstring style conventions in PEP 257
[3.959s] -- Added test 'uncrustify' to check C / C++ code style
[3.959s] -- Configured uncrustify additional arguments: 
[3.979s] -- Added test 'xmllint' to check XML markup files
[3.988s] -- Configuring done
[4.079s] -- Generating done
[4.092s] -- Build files have been written to: /home/osawakousei/ros2_ws/src/custom_test_msgs/build/custom_test_msgs
[4.178s] [  3%] [34m[1mGenerating C code for ROS interfaces[0m
[4.212s] [  6%] [34m[1mGenerating C++ code for ROS interfaces[0m
[4.238s] [  6%] Built target ament_cmake_python_copy_custom_test_msgs
[4.895s] [  6%] Built target custom_test_msgs__cpp
[4.904s] [35m[1mConsolidate compiler generated dependencies of target custom_test_msgs__rosidl_generator_c[0m
[4.929s] [  9%] [34m[1mGenerating C++ type support for eProsima Fast-RTPS[0m
[4.933s] [ 12%] [34m[1mGenerating C++ type support dispatch for ROS interfaces[0m
[4.938s] [ 16%] [34m[1mGenerating C++ introspection for ROS interfaces[0m
[5.065s] running egg_info
[5.070s] [ 19%] [32mBuilding C object CMakeFiles/custom_test_msgs__rosidl_generator_c.dir/rosidl_generator_c/custom_test_msgs/srv/detail/add_three_ints__functions.c.o[0m
[5.071s] writing custom_test_msgs.egg-info/PKG-INFO
[5.073s] writing dependency_links to custom_test_msgs.egg-info/dependency_links.txt
[5.074s] writing top-level names to custom_test_msgs.egg-info/top_level.txt
[5.086s] reading manifest file 'custom_test_msgs.egg-info/SOURCES.txt'
[5.088s] writing manifest file 'custom_test_msgs.egg-info/SOURCES.txt'
[5.219s] In file included from [01m[K/home/osawakousei/ros2_ws/src/custom_test_msgs/build/custom_test_msgs/rosidl_generator_c/custom_test_msgs/srv/detail/add_three_ints__functions.h:19[m[K,
[5.219s]                  from [01m[K/home/osawakousei/ros2_ws/src/custom_test_msgs/build/custom_test_msgs/rosidl_generator_c/custom_test_msgs/srv/detail/add_three_ints__functions.c:4[m[K:
[5.220s] [01m[K/home/osawakousei/ros2_ws/src/custom_test_msgs/build/custom_test_msgs/rosidl_generator_c/custom_test_msgs/srv/detail/add_three_ints__struct.h:24:10:[m[K [01;31m[Kfatal error: [m[Kcustom_test_msgs/msg/detail/int64__struct.h: „Åù„ÅÆ„Çà„ÅÜ„Å™„Éï„Ç°„Ç§„É´„ÇÑ„Éá„Ç£„É¨„ÇØ„Éà„É™„ÅØ„ÅÇ„Çä„Åæ„Åõ„Çì
[5.220s]    24 | #include [01;31m[K"custom_test_msgs/msg/detail/int64__struct.h"[m[K
[5.220s]       |          [01;31m[K^~~~~~~~~~~~~~~~~~~~~~~~~~~~~~~~~~~~~~~~~~~~~[m[K
[5.220s] compilation terminated.
[5.221s] gmake[2]: *** [CMakeFiles/custom_test_msgs__rosidl_generator_c.dir/build.make:105: CMakeFiles/custom_test_msgs__rosidl_generator_c.dir/rosidl_generator_c/custom_test_msgs/srv/detail/add_three_ints__functions.c.o] „Ç®„É©„Éº 1
[5.233s] gmake[1]: *** [CMakeFiles/Makefile2:213: CMakeFiles/custom_test_msgs__rosidl_generator_c.dir/all] „Ç®„É©„Éº 2
[5.233s] gmake[1]: *** Êú™ÂÆå‰∫Ü„ÅÆ„Ç∏„Éß„Éñ„ÇíÂæÖ„Å£„Å¶„ÅÑ„Åæ„Åô....
[5.263s] [ 19%] Built target ament_cmake_python_build_custom_test_msgs_egg
[5.605s] [35m[1mConsolidate compiler generated dependencies of target custom_test_msgs__rosidl_typesupport_cpp[0m
[5.644s] [ 22%] [32mBuilding CXX object CMakeFiles/custom_test_msgs__rosidl_typesupport_cpp.dir/rosidl_typesupport_cpp/custom_test_msgs/srv/add_three_ints__type_support.cpp.o[0m
[5.672s] [35m[1mConsolidate compiler generated dependencies of target custom_test_msgs__rosidl_typesupport_fastrtps_cpp[0m
[5.697s] [35m[1mConsolidate compiler generated dependencies of target custom_test_msgs__rosidl_typesupport_introspection_cpp[0m
[5.714s] [ 25%] [32mBuilding CXX object CMakeFiles/custom_test_msgs__rosidl_typesupport_fastrtps_cpp.dir/rosidl_typesupport_fastrtps_cpp/custom_test_msgs/srv/detail/dds_fastrtps/add_three_ints__type_support.cpp.o[0m
[5.737s] [ 29%] [32mBuilding CXX object CMakeFiles/custom_test_msgs__rosidl_typesupport_introspection_cpp.dir/rosidl_typesupport_introspection_cpp/custom_test_msgs/srv/detail/add_three_ints__type_support.cpp.o[0m
[5.780s] In file included from [01m[K/home/osawakousei/ros2_ws/src/custom_test_msgs/build/custom_test_msgs/rosidl_typesupport_cpp/custom_test_msgs/srv/add_three_ints__type_support.cpp:7[m[K:
[5.781s] [01m[K/home/osawakousei/ros2_ws/src/custom_test_msgs/build/custom_test_msgs/rosidl_generator_cpp/custom_test_msgs/srv/detail/add_three_ints__struct.hpp:22:10:[m[K [01;31m[Kfatal error: [m[Kcustom_test_msgs/msg/detail/int64__struct.hpp: „Åù„ÅÆ„Çà„ÅÜ„Å™„Éï„Ç°„Ç§„É´„ÇÑ„Éá„Ç£„É¨„ÇØ„Éà„É™„ÅØ„ÅÇ„Çä„Åæ„Åõ„Çì
[5.781s]    22 | #include [01;31m[K"custom_test_msgs/msg/detail/int64__struct.hpp"[m[K
[5.781s]       |          [01;31m[K^~~~~~~~~~~~~~~~~~~~~~~~~~~~~~~~~~~~~~~~~~~~~~~[m[K
[5.781s] compilation terminated.
[5.783s] gmake[2]: *** [CMakeFiles/custom_test_msgs__rosidl_typesupport_cpp.dir/build.make:86: CMakeFiles/custom_test_msgs__rosidl_typesupport_cpp.dir/rosidl_typesupport_cpp/custom_test_msgs/srv/add_three_ints__type_support.cpp.o] „Ç®„É©„Éº 1
[5.784s] gmake[1]: *** [CMakeFiles/Makefile2:395: CMakeFiles/custom_test_msgs__rosidl_typesupport_cpp.dir/all] „Ç®„É©„Éº 2
[5.853s] In file included from [01m[K/home/osawakousei/ros2_ws/src/custom_test_msgs/build/custom_test_msgs/rosidl_typesupport_fastrtps_cpp/custom_test_msgs/srv/detail/add_three_ints__rosidl_typesupport_fastrtps_cpp.hpp:11[m[K,
[5.853s]                  from [01m[K/home/osawakousei/ros2_ws/src/custom_test_msgs/build/custom_test_msgs/rosidl_typesupport_fastrtps_cpp/custom_test_msgs/srv/detail/dds_fastrtps/add_three_ints__type_support.cpp:4[m[K:
[5.854s] [01m[K/home/osawakousei/ros2_ws/src/custom_test_msgs/build/custom_test_msgs/rosidl_generator_cpp/custom_test_msgs/srv/detail/add_three_ints__struct.hpp:22:10:[m[K [01;31m[Kfatal error: [m[Kcustom_test_msgs/msg/detail/int64__struct.hpp: „Åù„ÅÆ„Çà„ÅÜ„Å™„Éï„Ç°„Ç§„É´„ÇÑ„Éá„Ç£„É¨„ÇØ„Éà„É™„ÅØ„ÅÇ„Çä„Åæ„Åõ„Çì
[5.854s]    22 | #include [01;31m[K"custom_test_msgs/msg/detail/int64__struct.hpp"[m[K
[5.854s]       |          [01;31m[K^~~~~~~~~~~~~~~~~~~~~~~~~~~~~~~~~~~~~~~~~~~~~~~[m[K
[5.854s] compilation terminated.
[5.856s] gmake[2]: *** [CMakeFiles/custom_test_msgs__rosidl_typesupport_fastrtps_cpp.dir/build.make:91: CMakeFiles/custom_test_msgs__rosidl_typesupport_fastrtps_cpp.dir/rosidl_typesupport_fastrtps_cpp/custom_test_msgs/srv/detail/dds_fastrtps/add_three_ints__type_support.cpp.o] „Ç®„É©„Éº 1
[5.857s] gmake[1]: *** [CMakeFiles/Makefile2:291: CMakeFiles/custom_test_msgs__rosidl_typesupport_fastrtps_cpp.dir/all] „Ç®„É©„Éº 2
[5.885s] In file included from [01m[K/home/osawakousei/ros2_ws/src/custom_test_msgs/build/custom_test_msgs/rosidl_typesupport_introspection_cpp/custom_test_msgs/srv/detail/add_three_ints__type_support.cpp:12[m[K:
[5.885s] [01m[K/home/osawakousei/ros2_ws/src/custom_test_msgs/build/custom_test_msgs/rosidl_generator_cpp/custom_test_msgs/srv/detail/add_three_ints__struct.hpp:22:10:[m[K [01;31m[Kfatal error: [m[Kcustom_test_msgs/msg/detail/int64__struct.hpp: „Åù„ÅÆ„Çà„ÅÜ„Å™„Éï„Ç°„Ç§„É´„ÇÑ„Éá„Ç£„É¨„ÇØ„Éà„É™„ÅØ„ÅÇ„Çä„Åæ„Åõ„Çì
[5.885s]    22 | #include [01;31m[K"custom_test_msgs/msg/detail/int64__struct.hpp"[m[K
[5.885s]       |          [01;31m[K^~~~~~~~~~~~~~~~~~~~~~~~~~~~~~~~~~~~~~~~~~~~~~~[m[K
[5.886s] compilation terminated.
[5.889s] gmake[2]: *** [CMakeFiles/custom_test_msgs__rosidl_typesupport_introspection_cpp.dir/build.make:91: CMakeFiles/custom_test_msgs__rosidl_typesupport_introspection_cpp.dir/rosidl_typesupport_introspection_cpp/custom_test_msgs/srv/detail/add_three_ints__type_support.cpp.o] „Ç®„É©„Éº 1
[5.891s] gmake[1]: *** [CMakeFiles/Makefile2:369: CMakeFiles/custom_test_msgs__rosidl_typesupport_introspection_cpp.dir/all] „Ç®„É©„Éº 2
[5.891s] gmake: *** [Makefile:146: all] „Ç®„É©„Éº 2
[5.899s] Invoked command in '/home/osawakousei/ros2_ws/src/custom_test_msgs/build/custom_test_msgs' returned '2': CMAKE_PREFIX_PATH=${CMAKE_PREFIX_PATH}:/opt/ros/humble /usr/bin/cmake --build /home/osawakousei/ros2_ws/src/custom_test_msgs/build/custom_test_msgs -- -j8 -l8
