[0.000000] (-) TimerEvent: {}
[0.000616] (custom_test_msgs) JobQueued: {'identifier': 'custom_test_msgs', 'dependencies': OrderedDict()}
[0.000730] (custom_test_msgs) JobStarted: {'identifier': 'custom_test_msgs'}
[0.044349] (custom_test_msgs) JobProgress: {'identifier': 'custom_test_msgs', 'progress': 'cmake'}
[0.053081] (custom_test_msgs) JobProgress: {'identifier': 'custom_test_msgs', 'progress': 'build'}
[0.053227] (custom_test_msgs) Command: {'cmd': ['/usr/bin/cmake', '--build', '/home/osawakousei/ros2_ws/src/custom_test_msgs/build/custom_test_msgs', '--', '-j8', '-l8'], 'cwd': '/home/osawakousei/ros2_ws/src/custom_test_msgs/build/custom_test_msgs', 'env': OrderedDict([('LESSOPEN', '| /usr/bin/lesspipe %s'), ('LANGUAGE', 'ja:en'), ('USER', 'osawakousei'), ('LC_TIME', 'ja_JP.UTF-8'), ('XDG_SESSION_TYPE', 'wayland'), ('SHLVL', '1'), ('LD_LIBRARY_PATH', '/home/osawakousei/ros2_ws/install/micro_ros_agent/lib:/home/osawakousei/ros2_ws/install/micro_ros_msgs/lib:/home/osawakousei/ros2_ws/install/cpp_topic_pubsub/lib:/home/osawakousei/ros2_ws/install/cpp_server_client/lib:/home/osawakousei/ros2_ws/src/cpp_server_client/install/cpp_server_client/lib:/home/osawakousei/ros2_ws/src/cpp_topic_pubsub/install/cpp_topic_pubsub/lib:/home/osawakousei/ros2_ws/uros_ws/install/micro_ros_agent/lib:/home/osawakousei/ros2_ws/uros_ws/install/micro_ros_msgs/lib:/usr/lib/x86_64-linux-gnu/gazebo-11/plugins:/opt/ros/humble/opt/rviz_ogre_vendor/lib:/opt/ros/humble/lib/x86_64-linux-gnu:/opt/ros/humble/lib'), ('HOME', '/home/osawakousei'), ('OLDPWD', '/home/osawakousei/ros2_ws/src'), ('DESKTOP_SESSION', 'ubuntu'), ('ROS_PYTHON_VERSION', '3'), ('GNOME_SHELL_SESSION_MODE', 'ubuntu'), ('GTK_MODULES', 'gail:atk-bridge'), ('LC_MONETARY', 'ja_JP.UTF-8'), ('SYSTEMD_EXEC_PID', '1387'), ('DBUS_SESSION_BUS_ADDRESS', 'unix:path=/run/user/1000/bus'), ('COLORTERM', 'truecolor'), ('IM_CONFIG_PHASE', '1'), ('WAYLAND_DISPLAY', 'wayland-0'), ('COLCON_PREFIX_PATH', '/home/osawakousei/ros2_ws/install:/home/osawakousei/ros2_ws/src/cpp_server_client/install:/home/osawakousei/ros2_ws/src/cpp_topic_pubsub/install:/home/osawakousei/ros2_ws/src/test_package/install:/home/osawakousei/ros2_ws/uros_ws/install'), ('ROS_DISTRO', 'humble'), ('LOGNAME', 'osawakousei'), ('_', '/usr/bin/colcon'), ('ROS_VERSION', '2'), ('XDG_SESSION_CLASS', 'user'), ('USERNAME', 'osawakousei'), ('TERM', 'xterm-256color'), ('GNOME_DESKTOP_SESSION_ID', 'this-is-deprecated'), ('ROS_LOCALHOST_ONLY', '0'), ('PATH', '/opt/ros/humble/bin:/usr/local/sbin:/usr/local/bin:/usr/sbin:/usr/bin:/sbin:/bin:/usr/games:/usr/local/games:/snap/bin:/snap/bin'), ('SESSION_MANAGER', 'local/kousei-ubuntu:@/tmp/.ICE-unix/1353,unix/kousei-ubuntu:/tmp/.ICE-unix/1353'), ('PAPERSIZE', 'a4'), ('XDG_MENU_PREFIX', 'gnome-'), ('LC_ADDRESS', 'ja_JP.UTF-8'), ('GNOME_TERMINAL_SCREEN', '/org/gnome/Terminal/screen/cf928bde_e7ac_4cf9_bc75_23725602397a'), ('GNOME_SETUP_DISPLAY', ':1'), ('XDG_RUNTIME_DIR', '/run/user/1000'), ('DISPLAY', ':0'), ('LANG', 'ja_JP.UTF-8'), ('XDG_CURRENT_DESKTOP', 'ubuntu:GNOME'), ('LC_TELEPHONE', 'ja_JP.UTF-8'), ('XMODIFIERS', '@im=ibus'), ('XDG_SESSION_DESKTOP', 'ubuntu'), ('XAUTHORITY', '/run/user/1000/.mutter-Xwaylandauth.QOECB2'), ('LS_COLORS', 'rs=0:di=01;34:ln=01;36:mh=00:pi=40;33:so=01;35:do=01;35:bd=40;33;01:cd=40;33;01:or=40;31;01:mi=00:su=37;41:sg=30;43:ca=30;41:tw=30;42:ow=34;42:st=37;44:ex=01;32:*.tar=01;31:*.tgz=01;31:*.arc=01;31:*.arj=01;31:*.taz=01;31:*.lha=01;31:*.lz4=01;31:*.lzh=01;31:*.lzma=01;31:*.tlz=01;31:*.txz=01;31:*.tzo=01;31:*.t7z=01;31:*.zip=01;31:*.z=01;31:*.dz=01;31:*.gz=01;31:*.lrz=01;31:*.lz=01;31:*.lzo=01;31:*.xz=01;31:*.zst=01;31:*.tzst=01;31:*.bz2=01;31:*.bz=01;31:*.tbz=01;31:*.tbz2=01;31:*.tz=01;31:*.deb=01;31:*.rpm=01;31:*.jar=01;31:*.war=01;31:*.ear=01;31:*.sar=01;31:*.rar=01;31:*.alz=01;31:*.ace=01;31:*.zoo=01;31:*.cpio=01;31:*.7z=01;31:*.rz=01;31:*.cab=01;31:*.wim=01;31:*.swm=01;31:*.dwm=01;31:*.esd=01;31:*.jpg=01;35:*.jpeg=01;35:*.mjpg=01;35:*.mjpeg=01;35:*.gif=01;35:*.bmp=01;35:*.pbm=01;35:*.pgm=01;35:*.ppm=01;35:*.tga=01;35:*.xbm=01;35:*.xpm=01;35:*.tif=01;35:*.tiff=01;35:*.png=01;35:*.svg=01;35:*.svgz=01;35:*.mng=01;35:*.pcx=01;35:*.mov=01;35:*.mpg=01;35:*.mpeg=01;35:*.m2v=01;35:*.mkv=01;35:*.webm=01;35:*.webp=01;35:*.ogm=01;35:*.mp4=01;35:*.m4v=01;35:*.mp4v=01;35:*.vob=01;35:*.qt=01;35:*.nuv=01;35:*.wmv=01;35:*.asf=01;35:*.rm=01;35:*.rmvb=01;35:*.flc=01;35:*.avi=01;35:*.fli=01;35:*.flv=01;35:*.gl=01;35:*.dl=01;35:*.xcf=01;35:*.xwd=01;35:*.yuv=01;35:*.cgm=01;35:*.emf=01;35:*.ogv=01;35:*.ogx=01;35:*.aac=00;36:*.au=00;36:*.flac=00;36:*.m4a=00;36:*.mid=00;36:*.midi=00;36:*.mka=00;36:*.mp3=00;36:*.mpc=00;36:*.ogg=00;36:*.ra=00;36:*.wav=00;36:*.oga=00;36:*.opus=00;36:*.spx=00;36:*.xspf=00;36:'), ('GNOME_TERMINAL_SERVICE', ':1.235'), ('SSH_AGENT_LAUNCHER', 'gnome-keyring'), ('SSH_AUTH_SOCK', '/run/user/1000/keyring/ssh'), ('AMENT_PREFIX_PATH', '/home/osawakousei/ros2_ws/install/test_package:/home/osawakousei/ros2_ws/install/micro_ros_setup:/home/osawakousei/ros2_ws/install/micro_ros_agent:/home/osawakousei/ros2_ws/install/micro_ros_msgs:/home/osawakousei/ros2_ws/install/cpp_topic_pubsub:/home/osawakousei/ros2_ws/install/cpp_server_client:/home/osawakousei/ros2_ws/src/cpp_server_client/install/cpp_server_client:/home/osawakousei/ros2_ws/src/cpp_topic_pubsub/install/cpp_topic_pubsub:/home/osawakousei/ros2_ws/src/test_package/install/test_package:/home/osawakousei/ros2_ws/uros_ws/install/micro_ros_setup:/home/osawakousei/ros2_ws/uros_ws/install/micro_ros_agent:/home/osawakousei/ros2_ws/uros_ws/install/micro_ros_msgs:/opt/ros/humble'), ('SHELL', '/bin/bash'), ('LC_NAME', 'ja_JP.UTF-8'), ('QT_ACCESSIBILITY', '1'), ('GDMSESSION', 'ubuntu'), ('LESSCLOSE', '/usr/bin/lesspipe %s %s'), ('LC_MEASUREMENT', 'ja_JP.UTF-8'), ('LC_IDENTIFICATION', 'ja_JP.UTF-8'), ('QT_IM_MODULE', 'ibus'), ('PWD', '/home/osawakousei/ros2_ws/src/custom_test_msgs/build/custom_test_msgs'), ('LC_ALL', 'ja_JP.UTF-8'), ('XDG_CONFIG_DIRS', '/etc/xdg/xdg-ubuntu:/etc/xdg'), ('XDG_DATA_DIRS', '/usr/share/ubuntu:/usr/local/share/:/usr/share/:/var/lib/snapd/desktop'), ('PYTHONPATH', '/home/osawakousei/ros2_ws/install/micro_ros_msgs/local/lib/python3.10/dist-packages:/home/osawakousei/ros2_ws/install/cpp_topic_pubsub/local/lib/python3.10/dist-packages:/home/osawakousei/ros2_ws/install/cpp_server_client/local/lib/python3.10/dist-packages:/home/osawakousei/ros2_ws/src/cpp_server_client/install/cpp_server_client/local/lib/python3.10/dist-packages:/home/osawakousei/ros2_ws/src/cpp_topic_pubsub/install/cpp_topic_pubsub/local/lib/python3.10/dist-packages:/home/osawakousei/ros2_ws/uros_ws/install/micro_ros_msgs/local/lib/python3.10/dist-packages:/opt/ros/humble/lib/python3.10/site-packages:/opt/ros/humble/local/lib/python3.10/dist-packages'), ('LC_NUMERIC', 'ja_JP.UTF-8'), ('LC_PAPER', 'ja_JP.UTF-8'), ('COLCON', '1'), ('VTE_VERSION', '6800'), ('CMAKE_PREFIX_PATH', '/home/osawakousei/ros2_ws/install/test_package:/home/osawakousei/ros2_ws/install/micro_ros_setup:/home/osawakousei/ros2_ws/install/micro_ros_agent:/home/osawakousei/ros2_ws/install/micro_ros_msgs:/home/osawakousei/ros2_ws/install/cpp_topic_pubsub:/home/osawakousei/ros2_ws/install/cpp_server_client:/home/osawakousei/ros2_ws/src/cpp_server_client/install/cpp_server_client:/home/osawakousei/ros2_ws/src/cpp_topic_pubsub/install/cpp_topic_pubsub:/home/osawakousei/ros2_ws/src/test_package/install/test_package:/home/osawakousei/ros2_ws/uros_ws/install/micro_ros_setup:/home/osawakousei/ros2_ws/uros_ws/install/micro_ros_agent:/home/osawakousei/ros2_ws/uros_ws/install/micro_ros_msgs:/opt/ros/humble')]), 'shell': False}
[0.096607] (-) TimerEvent: {}
[0.124886] (custom_test_msgs) StdoutLine: {'line': b'-- Found ament_cmake: 1.3.5 (/opt/ros/humble/share/ament_cmake/cmake)\n'}
[0.196780] (-) TimerEvent: {}
[0.297643] (-) TimerEvent: {}
[0.398778] (-) TimerEvent: {}
[0.499541] (-) TimerEvent: {}
[0.512608] (custom_test_msgs) StdoutLine: {'line': b'-- Found rosidl_default_generators: 1.2.0 (/opt/ros/humble/share/rosidl_default_generators/cmake)\n'}
[0.518921] (custom_test_msgs) StdoutLine: {'line': b'-- Using all available rosidl_typesupport_c: rosidl_typesupport_fastrtps_c;rosidl_typesupport_introspection_c\n'}
[0.526030] (custom_test_msgs) StdoutLine: {'line': b'-- Found rosidl_adapter: 3.1.5 (/opt/ros/humble/share/rosidl_adapter/cmake)\n'}
[0.600004] (-) TimerEvent: {}
[0.606999] (custom_test_msgs) StdoutLine: {'line': b'-- Using all available rosidl_typesupport_cpp: rosidl_typesupport_fastrtps_cpp;rosidl_typesupport_introspection_cpp\n'}
[0.681888] (custom_test_msgs) StdoutLine: {'line': b'-- Found std_msgs: 4.2.3 (/opt/ros/humble/share/std_msgs/cmake)\n'}
[0.700393] (-) TimerEvent: {}
[0.801279] (-) TimerEvent: {}
[0.827487] (custom_test_msgs) StdoutLine: {'line': b'-- Found ament_cmake_auto: 1.3.5 (/opt/ros/humble/share/ament_cmake_auto/cmake)\n'}
[0.841041] (custom_test_msgs) StdoutLine: {'line': b'-- Found rclcpp: 16.0.5 (/opt/ros/humble/share/rclcpp/cmake)\n'}
[0.901648] (-) TimerEvent: {}
[1.002596] (-) TimerEvent: {}
[1.017764] (custom_test_msgs) StdoutLine: {'line': b'-- Found rmw_implementation_cmake: 6.1.1 (/opt/ros/humble/share/rmw_implementation_cmake/cmake)\n'}
[1.029339] (custom_test_msgs) StdoutLine: {'line': b'-- Found rmw_fastrtps_cpp: 6.2.3 (/opt/ros/humble/share/rmw_fastrtps_cpp/cmake)\n'}
[1.102949] (-) TimerEvent: {}
[1.203800] (-) TimerEvent: {}
[1.304674] (-) TimerEvent: {}
[1.356660] (custom_test_msgs) StdoutLine: {'line': b'-- Found OpenSSL: /usr/lib/x86_64-linux-gnu/libcrypto.so (found version "3.0.2")  \n'}
[1.404904] (-) TimerEvent: {}
[1.426621] (custom_test_msgs) StdoutLine: {'line': b'-- Found FastRTPS: /opt/ros/humble/include  \n'}
[1.505178] (-) TimerEvent: {}
[1.557055] (custom_test_msgs) StdoutLine: {'line': b"-- Using RMW implementation 'rmw_fastrtps_cpp' as default\n"}
[1.594459] (custom_test_msgs) StdoutLine: {'line': b'-- Looking for pthread.h\n'}
[1.605672] (-) TimerEvent: {}
[1.706409] (-) TimerEvent: {}
[1.807274] (-) TimerEvent: {}
[1.828384] (custom_test_msgs) StdoutLine: {'line': b'-- Looking for pthread.h - found\n'}
[1.829536] (custom_test_msgs) StdoutLine: {'line': b'-- Performing Test CMAKE_HAVE_LIBC_PTHREAD\n'}
[1.907713] (-) TimerEvent: {}
[2.008482] (-) TimerEvent: {}
[2.053420] (custom_test_msgs) StdoutLine: {'line': b'-- Performing Test CMAKE_HAVE_LIBC_PTHREAD - Success\n'}
[2.055381] (custom_test_msgs) StdoutLine: {'line': b'-- Found Threads: TRUE  \n'}
[2.108817] (-) TimerEvent: {}
[2.209681] (-) TimerEvent: {}
[2.310801] (-) TimerEvent: {}
[2.391753] (custom_test_msgs) StdoutLine: {'line': b'-- Found ament_lint_auto: 0.12.7 (/opt/ros/humble/share/ament_lint_auto/cmake)\n'}
[2.411034] (-) TimerEvent: {}
[2.511737] (-) TimerEvent: {}
[2.612554] (-) TimerEvent: {}
[2.713175] (-) TimerEvent: {}
[2.814125] (-) TimerEvent: {}
[2.914940] (-) TimerEvent: {}
[3.015839] (-) TimerEvent: {}
[3.115014] (custom_test_msgs) StdoutLine: {'line': b'-- Found ament_cmake_ros: 0.10.0 (/opt/ros/humble/share/ament_cmake_ros/cmake)\n'}
[3.116167] (-) TimerEvent: {}
[3.217102] (-) TimerEvent: {}
[3.317927] (-) TimerEvent: {}
[3.418637] (-) TimerEvent: {}
[3.519538] (-) TimerEvent: {}
[3.620619] (-) TimerEvent: {}
[3.673992] (custom_test_msgs) StdoutLine: {'line': b'-- Using all available rosidl_typesupport_c: rosidl_typesupport_fastrtps_c;rosidl_typesupport_introspection_c\n'}
[3.720998] (-) TimerEvent: {}
[3.821861] (-) TimerEvent: {}
[3.922710] (-) TimerEvent: {}
[4.023770] (-) TimerEvent: {}
[4.124594] (-) TimerEvent: {}
[4.225496] (-) TimerEvent: {}
[4.326479] (-) TimerEvent: {}
[4.415367] (custom_test_msgs) StdoutLine: {'line': b'-- Using all available rosidl_typesupport_cpp: rosidl_typesupport_fastrtps_cpp;rosidl_typesupport_introspection_cpp\n'}
[4.426859] (-) TimerEvent: {}
[4.487981] (custom_test_msgs) StdoutLine: {'line': b'-- Found python_cmake_module: 0.10.0 (/opt/ros/humble/share/python_cmake_module/cmake)\n'}
[4.527323] (-) TimerEvent: {}
[4.558200] (custom_test_msgs) StdoutLine: {'line': b'-- Using PYTHON_EXECUTABLE: /usr/bin/python3\n'}
[4.558645] (custom_test_msgs) StdoutLine: {'line': b'-- Using PYTHON_INCLUDE_DIRS: /usr/include/python3.10\n'}
[4.558896] (custom_test_msgs) StdoutLine: {'line': b'-- Using PYTHON_LIBRARIES: /usr/lib/x86_64-linux-gnu/libpython3.10.so\n'}
[4.627729] (-) TimerEvent: {}
[4.720374] (custom_test_msgs) StdoutLine: {'line': b"-- Added test 'cppcheck' to perform static code analysis on C / C++ code\n"}
[4.722184] (custom_test_msgs) StdoutLine: {'line': b'-- Configured cppcheck include dirs: $<BUILD_INTERFACE:/home/osawakousei/ros2_ws/src/custom_test_msgs/build/custom_test_msgs/rosidl_generator_c>;$<BUILD_INTERFACE:/home/osawakousei/ros2_ws/src/custom_test_msgs/build/custom_test_msgs/rosidl_typesupport_fastrtps_c>;$<BUILD_INTERFACE:/home/osawakousei/ros2_ws/src/custom_test_msgs/build/custom_test_msgs/rosidl_typesupport_introspection_c>;$<BUILD_INTERFACE:/home/osawakousei/ros2_ws/src/custom_test_msgs/build/custom_test_msgs/rosidl_generator_cpp>;$<BUILD_INTERFACE:/home/osawakousei/ros2_ws/src/custom_test_msgs/build/custom_test_msgs/rosidl_typesupport_fastrtps_cpp>;$<BUILD_INTERFACE:/home/osawakousei/ros2_ws/src/custom_test_msgs/build/custom_test_msgs/rosidl_typesupport_introspection_cpp>;/home/osawakousei/ros2_ws/src/custom_test_msgs/build/custom_test_msgs/rosidl_generator_c;/home/osawakousei/ros2_ws/src/custom_test_msgs/build/custom_test_msgs/rosidl_generator_py\n'}
[4.722668] (custom_test_msgs) StdoutLine: {'line': b'-- Configured cppcheck exclude dirs and/or files: \n'}
[4.728076] (-) TimerEvent: {}
[4.736628] (custom_test_msgs) StdoutLine: {'line': b"-- Added test 'flake8' to check Python code syntax and style conventions\n"}
[4.764981] (custom_test_msgs) StdoutLine: {'line': b"-- Added test 'lint_cmake' to check CMake code style\n"}
[4.780287] (custom_test_msgs) StdoutLine: {'line': b"-- Added test 'pep257' to check Python code against some of the docstring style conventions in PEP 257\n"}
[4.828555] (-) TimerEvent: {}
[4.890277] (custom_test_msgs) StdoutLine: {'line': b"-- Added test 'uncrustify' to check C / C++ code style\n"}
[4.890958] (custom_test_msgs) StdoutLine: {'line': b'-- Configured uncrustify additional arguments: \n'}
[4.904911] (custom_test_msgs) StdoutLine: {'line': b"-- Added test 'xmllint' to check XML markup files\n"}
[4.915694] (custom_test_msgs) StdoutLine: {'line': b'-- Configuring done\n'}
[4.928835] (-) TimerEvent: {}
[5.029720] (-) TimerEvent: {}
[5.033798] (custom_test_msgs) StdoutLine: {'line': b'-- Generating done\n'}
[5.053046] (custom_test_msgs) StdoutLine: {'line': b'-- Build files have been written to: /home/osawakousei/ros2_ws/src/custom_test_msgs/build/custom_test_msgs\n'}
[5.129961] (-) TimerEvent: {}
[5.206865] (custom_test_msgs) StdoutLine: {'line': b'[  3%] Built target custom_test_msgs__cpp\n'}
[5.207282] (custom_test_msgs) StdoutLine: {'line': b'[  6%] \x1b[32mBuilding C object CMakeFiles/custom_test_msgs__rosidl_generator_c.dir/rosidl_generator_c/custom_test_msgs/srv/detail/add_three_ints__functions.c.o\x1b[0m\n'}
[5.230182] (-) TimerEvent: {}
[5.239004] (custom_test_msgs) StdoutLine: {'line': b'[  6%] Built target ament_cmake_python_copy_custom_test_msgs\n'}
[5.259901] (custom_test_msgs) StderrLine: {'line': b'In file included from \x1b[01m\x1b[K/home/osawakousei/ros2_ws/src/custom_test_msgs/build/custom_test_msgs/rosidl_generator_c/custom_test_msgs/srv/detail/add_three_ints__functions.h:19\x1b[m\x1b[K,\n'}
[5.260718] (custom_test_msgs) StderrLine: {'line': b'                 from \x1b[01m\x1b[K/home/osawakousei/ros2_ws/src/custom_test_msgs/build/custom_test_msgs/rosidl_generator_c/custom_test_msgs/srv/detail/add_three_ints__functions.c:4\x1b[m\x1b[K:\n'}
[5.261117] (custom_test_msgs) StderrLine: {'line': b'\x1b[01m\x1b[K/home/osawakousei/ros2_ws/src/custom_test_msgs/build/custom_test_msgs/rosidl_generator_c/custom_test_msgs/srv/detail/add_three_ints__struct.h:24:10:\x1b[m\x1b[K \x1b[01;31m\x1b[Kfatal error: \x1b[m\x1b[Kcustom_test_msgs/msg/detail/int64__struct.h: \xe3\x81\x9d\xe3\x81\xae\xe3\x82\x88\xe3\x81\x86\xe3\x81\xaa\xe3\x83\x95\xe3\x82\xa1\xe3\x82\xa4\xe3\x83\xab\xe3\x82\x84\xe3\x83\x87\xe3\x82\xa3\xe3\x83\xac\xe3\x82\xaf\xe3\x83\x88\xe3\x83\xaa\xe3\x81\xaf\xe3\x81\x82\xe3\x82\x8a\xe3\x81\xbe\xe3\x81\x9b\xe3\x82\x93\n'}
[5.261518] (custom_test_msgs) StderrLine: {'line': b'   24 | #include \x1b[01;31m\x1b[K"custom_test_msgs/msg/detail/int64__struct.h"\x1b[m\x1b[K\n'}
[5.261891] (custom_test_msgs) StderrLine: {'line': b'      |          \x1b[01;31m\x1b[K^~~~~~~~~~~~~~~~~~~~~~~~~~~~~~~~~~~~~~~~~~~~~\x1b[m\x1b[K\n'}
[5.262258] (custom_test_msgs) StderrLine: {'line': b'compilation terminated.\n'}
[5.264607] (custom_test_msgs) StderrLine: {'line': b'gmake[2]: *** [CMakeFiles/custom_test_msgs__rosidl_generator_c.dir/build.make:105: CMakeFiles/custom_test_msgs__rosidl_generator_c.dir/rosidl_generator_c/custom_test_msgs/srv/detail/add_three_ints__functions.c.o] \xe3\x82\xa8\xe3\x83\xa9\xe3\x83\xbc 1\n'}
[5.265501] (custom_test_msgs) StderrLine: {'line': b'gmake[1]: *** [CMakeFiles/Makefile2:213: CMakeFiles/custom_test_msgs__rosidl_generator_c.dir/all] \xe3\x82\xa8\xe3\x83\xa9\xe3\x83\xbc 2\n'}
[5.266109] (custom_test_msgs) StderrLine: {'line': b'gmake[1]: *** \xe6\x9c\xaa\xe5\xae\x8c\xe4\xba\x86\xe3\x81\xae\xe3\x82\xb8\xe3\x83\xa7\xe3\x83\x96\xe3\x82\x92\xe5\xbe\x85\xe3\x81\xa3\xe3\x81\xa6\xe3\x81\x84\xe3\x81\xbe\xe3\x81\x99....\n'}
[5.299207] (custom_test_msgs) StdoutLine: {'line': b'[  9%] \x1b[32mBuilding CXX object CMakeFiles/custom_test_msgs__rosidl_typesupport_cpp.dir/rosidl_typesupport_cpp/custom_test_msgs/srv/add_three_ints__type_support.cpp.o\x1b[0m\n'}
[5.304879] (custom_test_msgs) StdoutLine: {'line': b'[ 12%] \x1b[32mBuilding CXX object CMakeFiles/custom_test_msgs__rosidl_typesupport_introspection_cpp.dir/rosidl_typesupport_introspection_cpp/custom_test_msgs/srv/detail/add_three_ints__type_support.cpp.o\x1b[0m\n'}
[5.307708] (custom_test_msgs) StdoutLine: {'line': b'[ 16%] \x1b[32mBuilding CXX object CMakeFiles/custom_test_msgs__rosidl_typesupport_fastrtps_cpp.dir/rosidl_typesupport_fastrtps_cpp/custom_test_msgs/srv/detail/dds_fastrtps/add_three_ints__type_support.cpp.o\x1b[0m\n'}
[5.330462] (-) TimerEvent: {}
[5.431235] (-) TimerEvent: {}
[5.489140] (custom_test_msgs) StderrLine: {'line': b'In file included from \x1b[01m\x1b[K/home/osawakousei/ros2_ws/src/custom_test_msgs/build/custom_test_msgs/rosidl_typesupport_cpp/custom_test_msgs/srv/add_three_ints__type_support.cpp:7\x1b[m\x1b[K:\n'}
[5.489571] (custom_test_msgs) StderrLine: {'line': b'\x1b[01m\x1b[K/home/osawakousei/ros2_ws/src/custom_test_msgs/build/custom_test_msgs/rosidl_generator_cpp/custom_test_msgs/srv/detail/add_three_ints__struct.hpp:22:10:\x1b[m\x1b[K \x1b[01;31m\x1b[Kfatal error: \x1b[m\x1b[Kcustom_test_msgs/msg/detail/int64__struct.hpp: \xe3\x81\x9d\xe3\x81\xae\xe3\x82\x88\xe3\x81\x86\xe3\x81\xaa\xe3\x83\x95\xe3\x82\xa1\xe3\x82\xa4\xe3\x83\xab\xe3\x82\x84\xe3\x83\x87\xe3\x82\xa3\xe3\x83\xac\xe3\x82\xaf\xe3\x83\x88\xe3\x83\xaa\xe3\x81\xaf\xe3\x81\x82\xe3\x82\x8a\xe3\x81\xbe\xe3\x81\x9b\xe3\x82\x93\n'}
[5.489836] (custom_test_msgs) StderrLine: {'line': b'   22 | #include \x1b[01;31m\x1b[K"custom_test_msgs/msg/detail/int64__struct.hpp"\x1b[m\x1b[K\n'}
[5.490228] (custom_test_msgs) StderrLine: {'line': b'      |          \x1b[01;31m\x1b[K^~~~~~~~~~~~~~~~~~~~~~~~~~~~~~~~~~~~~~~~~~~~~~~\x1b[m\x1b[K\n'}
[5.490488] (custom_test_msgs) StderrLine: {'line': b'compilation terminated.\n'}
[5.493358] (custom_test_msgs) StderrLine: {'line': b'gmake[2]: *** [CMakeFiles/custom_test_msgs__rosidl_typesupport_cpp.dir/build.make:86: CMakeFiles/custom_test_msgs__rosidl_typesupport_cpp.dir/rosidl_typesupport_cpp/custom_test_msgs/srv/add_three_ints__type_support.cpp.o] \xe3\x82\xa8\xe3\x83\xa9\xe3\x83\xbc 1\n'}
[5.494009] (custom_test_msgs) StderrLine: {'line': b'gmake[1]: *** [CMakeFiles/Makefile2:395: CMakeFiles/custom_test_msgs__rosidl_typesupport_cpp.dir/all] \xe3\x82\xa8\xe3\x83\xa9\xe3\x83\xbc 2\n'}
[5.502482] (custom_test_msgs) StderrLine: {'line': b'In file included from \x1b[01m\x1b[K/home/osawakousei/ros2_ws/src/custom_test_msgs/build/custom_test_msgs/rosidl_typesupport_fastrtps_cpp/custom_test_msgs/srv/detail/add_three_ints__rosidl_typesupport_fastrtps_cpp.hpp:11\x1b[m\x1b[K,\n'}
[5.502837] (custom_test_msgs) StderrLine: {'line': b'                 from \x1b[01m\x1b[K/home/osawakousei/ros2_ws/src/custom_test_msgs/build/custom_test_msgs/rosidl_typesupport_fastrtps_cpp/custom_test_msgs/srv/detail/dds_fastrtps/add_three_ints__type_support.cpp:4\x1b[m\x1b[K:\n'}
[5.503099] (custom_test_msgs) StderrLine: {'line': b'\x1b[01m\x1b[K/home/osawakousei/ros2_ws/src/custom_test_msgs/build/custom_test_msgs/rosidl_generator_cpp/custom_test_msgs/srv/detail/add_three_ints__struct.hpp:22:10:\x1b[m\x1b[K \x1b[01;31m\x1b[Kfatal error: \x1b[m\x1b[Kcustom_test_msgs/msg/detail/int64__struct.hpp: \xe3\x81\x9d\xe3\x81\xae\xe3\x82\x88\xe3\x81\x86\xe3\x81\xaa\xe3\x83\x95\xe3\x82\xa1\xe3\x82\xa4\xe3\x83\xab\xe3\x82\x84\xe3\x83\x87\xe3\x82\xa3\xe3\x83\xac\xe3\x82\xaf\xe3\x83\x88\xe3\x83\xaa\xe3\x81\xaf\xe3\x81\x82\xe3\x82\x8a\xe3\x81\xbe\xe3\x81\x9b\xe3\x82\x93\n'}
[5.503350] (custom_test_msgs) StderrLine: {'line': b'   22 | #include \x1b[01;31m\x1b[K"custom_test_msgs/msg/detail/int64__struct.hpp"\x1b[m\x1b[K\n'}
[5.503584] (custom_test_msgs) StderrLine: {'line': b'      |          \x1b[01;31m\x1b[K^~~~~~~~~~~~~~~~~~~~~~~~~~~~~~~~~~~~~~~~~~~~~~~\x1b[m\x1b[K\n'}
[5.503805] (custom_test_msgs) StderrLine: {'line': b'compilation terminated.\n'}
[5.506374] (custom_test_msgs) StderrLine: {'line': b'gmake[2]: *** [CMakeFiles/custom_test_msgs__rosidl_typesupport_fastrtps_cpp.dir/build.make:91: CMakeFiles/custom_test_msgs__rosidl_typesupport_fastrtps_cpp.dir/rosidl_typesupport_fastrtps_cpp/custom_test_msgs/srv/detail/dds_fastrtps/add_three_ints__type_support.cpp.o] \xe3\x82\xa8\xe3\x83\xa9\xe3\x83\xbc 1\n'}
[5.506999] (custom_test_msgs) StderrLine: {'line': b'gmake[1]: *** [CMakeFiles/Makefile2:343: CMakeFiles/custom_test_msgs__rosidl_typesupport_fastrtps_cpp.dir/all] \xe3\x82\xa8\xe3\x83\xa9\xe3\x83\xbc 2\n'}
[5.515499] (custom_test_msgs) StderrLine: {'line': b'In file included from \x1b[01m\x1b[K/home/osawakousei/ros2_ws/src/custom_test_msgs/build/custom_test_msgs/rosidl_typesupport_introspection_cpp/custom_test_msgs/srv/detail/add_three_ints__type_support.cpp:12\x1b[m\x1b[K:\n'}
[5.515845] (custom_test_msgs) StderrLine: {'line': b'\x1b[01m\x1b[K/home/osawakousei/ros2_ws/src/custom_test_msgs/build/custom_test_msgs/rosidl_generator_cpp/custom_test_msgs/srv/detail/add_three_ints__struct.hpp:22:10:\x1b[m\x1b[K \x1b[01;31m\x1b[Kfatal error: \x1b[m\x1b[Kcustom_test_msgs/msg/detail/int64__struct.hpp: \xe3\x81\x9d\xe3\x81\xae\xe3\x82\x88\xe3\x81\x86\xe3\x81\xaa\xe3\x83\x95\xe3\x82\xa1\xe3\x82\xa4\xe3\x83\xab\xe3\x82\x84\xe3\x83\x87\xe3\x82\xa3\xe3\x83\xac\xe3\x82\xaf\xe3\x83\x88\xe3\x83\xaa\xe3\x81\xaf\xe3\x81\x82\xe3\x82\x8a\xe3\x81\xbe\xe3\x81\x9b\xe3\x82\x93\n'}
[5.516158] (custom_test_msgs) StderrLine: {'line': b'   22 | #include \x1b[01;31m\x1b[K"custom_test_msgs/msg/detail/int64__struct.hpp"\x1b[m\x1b[K\n'}
[5.516407] (custom_test_msgs) StderrLine: {'line': b'      |          \x1b[01;31m\x1b[K^~~~~~~~~~~~~~~~~~~~~~~~~~~~~~~~~~~~~~~~~~~~~~~\x1b[m\x1b[K\n'}
[5.516627] (custom_test_msgs) StderrLine: {'line': b'compilation terminated.\n'}
[5.519789] (custom_test_msgs) StderrLine: {'line': b'gmake[2]: *** [CMakeFiles/custom_test_msgs__rosidl_typesupport_introspection_cpp.dir/build.make:91: CMakeFiles/custom_test_msgs__rosidl_typesupport_introspection_cpp.dir/rosidl_typesupport_introspection_cpp/custom_test_msgs/srv/detail/add_three_ints__type_support.cpp.o] \xe3\x82\xa8\xe3\x83\xa9\xe3\x83\xbc 1\n'}
[5.520604] (custom_test_msgs) StderrLine: {'line': b'gmake[1]: *** [CMakeFiles/Makefile2:369: CMakeFiles/custom_test_msgs__rosidl_typesupport_introspection_cpp.dir/all] \xe3\x82\xa8\xe3\x83\xa9\xe3\x83\xbc 2\n'}
[5.531484] (-) TimerEvent: {}
[5.632427] (-) TimerEvent: {}
[5.733373] (-) TimerEvent: {}
[5.834383] (-) TimerEvent: {}
[5.935360] (-) TimerEvent: {}
[6.016761] (custom_test_msgs) StdoutLine: {'line': b'running egg_info\n'}
[6.018737] (custom_test_msgs) StdoutLine: {'line': b'writing custom_test_msgs.egg-info/PKG-INFO\n'}
[6.019664] (custom_test_msgs) StdoutLine: {'line': b'writing dependency_links to custom_test_msgs.egg-info/dependency_links.txt\n'}
[6.020648] (custom_test_msgs) StdoutLine: {'line': b'writing top-level names to custom_test_msgs.egg-info/top_level.txt\n'}
[6.026209] (custom_test_msgs) StdoutLine: {'line': b"reading manifest file 'custom_test_msgs.egg-info/SOURCES.txt'\n"}
[6.028089] (custom_test_msgs) StdoutLine: {'line': b"writing manifest file 'custom_test_msgs.egg-info/SOURCES.txt'\n"}
[6.035756] (-) TimerEvent: {}
[6.102747] (custom_test_msgs) StdoutLine: {'line': b'[ 16%] Built target ament_cmake_python_build_custom_test_msgs_egg\n'}
[6.108393] (custom_test_msgs) StderrLine: {'line': b'gmake: *** [Makefile:146: all] \xe3\x82\xa8\xe3\x83\xa9\xe3\x83\xbc 2\n'}
[6.111817] (custom_test_msgs) CommandEnded: {'returncode': 2}
[6.136206] (-) TimerEvent: {}
[6.236997] (-) TimerEvent: {}
[6.338468] (-) TimerEvent: {}
[6.439273] (-) TimerEvent: {}
[6.540270] (-) TimerEvent: {}
[6.627567] (custom_test_msgs) JobEnded: {'identifier': 'custom_test_msgs', 'rc': 2}
[6.639518] (-) EventReactorShutdown: {}
