[0.053s] Invoking command in '/home/osawakousei/ros2_ws/src/custom_test_msgs/build/custom_test_msgs': CMAKE_PREFIX_PATH=${CMAKE_PREFIX_PATH}:/opt/ros/humble /usr/bin/cmake /home/osawakousei/ros2_ws/src/custom_test_msgs -DCMAKE_INSTALL_PREFIX=/home/osawakousei/ros2_ws/src/custom_test_msgs/install/custom_test_msgs
[0.233s] -- The C compiler identification is GNU 11.4.0
[0.390s] -- The CXX compiler identification is GNU 11.4.0
[0.410s] -- Detecting C compiler ABI info
[0.621s] -- Detecting C compiler ABI info - done
[0.640s] -- Check for working C compiler: /usr/bin/cc - skipped
[0.641s] -- Detecting C compile features
[0.647s] -- Detecting C compile features - done
[0.650s] -- Detecting CXX compiler ABI info
[0.886s] -- Detecting CXX compiler ABI info - done
[0.901s] -- Check for working CXX compiler: /usr/bin/c++ - skipped
[0.902s] -- Detecting CXX compile features
[0.903s] -- Detecting CXX compile features - done
[0.912s] -- Found ament_cmake: 1.3.5 (/opt/ros/humble/share/ament_cmake/cmake)
[1.429s] -- Found Python3: /usr/bin/python3.10 (found version "3.10.12") found components: Interpreter 
[1.718s] -- Found rosidl_default_generators: 1.2.0 (/opt/ros/humble/share/rosidl_default_generators/cmake)
[1.732s] -- Using all available rosidl_typesupport_c: rosidl_typesupport_fastrtps_c;rosidl_typesupport_introspection_c
[1.761s] -- Found rosidl_adapter: 3.1.5 (/opt/ros/humble/share/rosidl_adapter/cmake)
[1.925s] -- Using all available rosidl_typesupport_cpp: rosidl_typesupport_fastrtps_cpp;rosidl_typesupport_introspection_cpp
[2.078s] -- Found std_msgs: 4.2.3 (/opt/ros/humble/share/std_msgs/cmake)
[2.286s] -- Found ament_cmake_auto: 1.3.5 (/opt/ros/humble/share/ament_cmake_auto/cmake)
[2.298s] -- Found ament_lint_auto: 0.12.7 (/opt/ros/humble/share/ament_lint_auto/cmake)
[3.130s] -- Found ament_cmake_ros: 0.10.0 (/opt/ros/humble/share/ament_cmake_ros/cmake)
[3.729s] -- Using all available rosidl_typesupport_c: rosidl_typesupport_fastrtps_c;rosidl_typesupport_introspection_c
[4.461s] -- Using all available rosidl_typesupport_cpp: rosidl_typesupport_fastrtps_cpp;rosidl_typesupport_introspection_cpp
[4.538s] -- Found PythonInterp: /usr/bin/python3 (found suitable version "3.10.12", minimum required is "3.6") 
[4.549s] -- Found python_cmake_module: 0.10.0 (/opt/ros/humble/share/python_cmake_module/cmake)
[4.633s] -- Found PythonLibs: /usr/lib/x86_64-linux-gnu/libpython3.10.so (found suitable version "3.10.12", minimum required is "3.5") 
[4.633s] -- Using PYTHON_EXECUTABLE: /usr/bin/python3
[4.633s] -- Using PYTHON_INCLUDE_DIRS: /usr/include/python3.10
[4.634s] -- Using PYTHON_LIBRARIES: /usr/lib/x86_64-linux-gnu/libpython3.10.so
[4.705s] -- Found PythonExtra: .so  
[4.865s] -- Added test 'cppcheck' to perform static code analysis on C / C++ code
[4.868s] -- Configured cppcheck include dirs: $<BUILD_INTERFACE:/home/osawakousei/ros2_ws/src/custom_test_msgs/build/custom_test_msgs/rosidl_generator_c>;$<BUILD_INTERFACE:/home/osawakousei/ros2_ws/src/custom_test_msgs/build/custom_test_msgs/rosidl_typesupport_fastrtps_c>;$<BUILD_INTERFACE:/home/osawakousei/ros2_ws/src/custom_test_msgs/build/custom_test_msgs/rosidl_typesupport_introspection_c>;$<BUILD_INTERFACE:/home/osawakousei/ros2_ws/src/custom_test_msgs/build/custom_test_msgs/rosidl_generator_cpp>;$<BUILD_INTERFACE:/home/osawakousei/ros2_ws/src/custom_test_msgs/build/custom_test_msgs/rosidl_typesupport_fastrtps_cpp>;$<BUILD_INTERFACE:/home/osawakousei/ros2_ws/src/custom_test_msgs/build/custom_test_msgs/rosidl_typesupport_introspection_cpp>;/home/osawakousei/ros2_ws/src/custom_test_msgs/build/custom_test_msgs/rosidl_generator_c;/home/osawakousei/ros2_ws/src/custom_test_msgs/build/custom_test_msgs/rosidl_generator_py
[4.868s] -- Configured cppcheck exclude dirs and/or files: 
[4.875s] -- Added test 'flake8' to check Python code syntax and style conventions
[4.886s] -- Added test 'lint_cmake' to check CMake code style
[4.893s] -- Added test 'pep257' to check Python code against some of the docstring style conventions in PEP 257
[4.928s] -- Added test 'uncrustify' to check C / C++ code style
[4.928s] -- Configured uncrustify additional arguments: 
[4.935s] -- Added test 'xmllint' to check XML markup files
[4.952s] -- Configuring done
[5.054s] -- Generating done
[5.063s] -- Build files have been written to: /home/osawakousei/ros2_ws/src/custom_test_msgs/build/custom_test_msgs
[5.080s] Invoked command in '/home/osawakousei/ros2_ws/src/custom_test_msgs/build/custom_test_msgs' returned '0': CMAKE_PREFIX_PATH=${CMAKE_PREFIX_PATH}:/opt/ros/humble /usr/bin/cmake /home/osawakousei/ros2_ws/src/custom_test_msgs -DCMAKE_INSTALL_PREFIX=/home/osawakousei/ros2_ws/src/custom_test_msgs/install/custom_test_msgs
[5.087s] Invoking command in '/home/osawakousei/ros2_ws/src/custom_test_msgs/build/custom_test_msgs': CMAKE_PREFIX_PATH=${CMAKE_PREFIX_PATH}:/opt/ros/humble /usr/bin/cmake --build /home/osawakousei/ros2_ws/src/custom_test_msgs/build/custom_test_msgs -- -j8 -l8
[5.246s] [  3%] [34m[1mGenerating C code for ROS interfaces[0m
[5.296s] [  6%] [34m[1mGenerating C++ code for ROS interfaces[0m
[5.329s] [  6%] Built target ament_cmake_python_copy_custom_test_msgs
[6.008s] [  6%] Built target custom_test_msgs__cpp
[6.024s] [  9%] [32mBuilding C object CMakeFiles/custom_test_msgs__rosidl_generator_c.dir/rosidl_generator_c/custom_test_msgs/srv/detail/add_three_ints__functions.c.o[0m
[6.053s] [ 12%] [34m[1mGenerating C++ type support for eProsima Fast-RTPS[0m
[6.053s] [ 16%] [34m[1mGenerating C++ type support dispatch for ROS interfaces[0m
[6.056s] [ 19%] [34m[1mGenerating C++ introspection for ROS interfaces[0m
[6.077s] In file included from [01m[K/home/osawakousei/ros2_ws/src/custom_test_msgs/build/custom_test_msgs/rosidl_generator_c/custom_test_msgs/srv/detail/add_three_ints__functions.h:19[m[K,
[6.078s]                  from [01m[K/home/osawakousei/ros2_ws/src/custom_test_msgs/build/custom_test_msgs/rosidl_generator_c/custom_test_msgs/srv/detail/add_three_ints__functions.c:4[m[K:
[6.078s] [01m[K/home/osawakousei/ros2_ws/src/custom_test_msgs/build/custom_test_msgs/rosidl_generator_c/custom_test_msgs/srv/detail/add_three_ints__struct.h:24:10:[m[K [01;31m[Kfatal error: [m[Kcustom_test_msgs/msg/detail/int64__struct.h: „Åù„ÅÆ„Çà„ÅÜ„Å™„Éï„Ç°„Ç§„É´„ÇÑ„Éá„Ç£„É¨„ÇØ„Éà„É™„ÅØ„ÅÇ„Çä„Åæ„Åõ„Çì
[6.078s]    24 | #include [01;31m[K"custom_test_msgs/msg/detail/int64__struct.h"[m[K
[6.079s]       |          [01;31m[K^~~~~~~~~~~~~~~~~~~~~~~~~~~~~~~~~~~~~~~~~~~~~[m[K
[6.079s] compilation terminated.
[6.080s] gmake[2]: *** [CMakeFiles/custom_test_msgs__rosidl_generator_c.dir/build.make:105: CMakeFiles/custom_test_msgs__rosidl_generator_c.dir/rosidl_generator_c/custom_test_msgs/srv/detail/add_three_ints__functions.c.o] „Ç®„É©„Éº 1
[6.081s] gmake[1]: *** [CMakeFiles/Makefile2:213: CMakeFiles/custom_test_msgs__rosidl_generator_c.dir/all] „Ç®„É©„Éº 2
[6.081s] gmake[1]: *** Êú™ÂÆå‰∫Ü„ÅÆ„Ç∏„Éß„Éñ„ÇíÂæÖ„Å£„Å¶„ÅÑ„Åæ„Åô....
[6.111s] running egg_info
[6.113s] creating custom_test_msgs.egg-info
[6.114s] writing custom_test_msgs.egg-info/PKG-INFO
[6.114s] writing dependency_links to custom_test_msgs.egg-info/dependency_links.txt
[6.114s] writing top-level names to custom_test_msgs.egg-info/top_level.txt
[6.115s] writing manifest file 'custom_test_msgs.egg-info/SOURCES.txt'
[6.120s] reading manifest file 'custom_test_msgs.egg-info/SOURCES.txt'
[6.122s] writing manifest file 'custom_test_msgs.egg-info/SOURCES.txt'
[6.199s] [ 19%] Built target ament_cmake_python_build_custom_test_msgs_egg
[6.720s] [ 22%] [32mBuilding CXX object CMakeFiles/custom_test_msgs__rosidl_typesupport_cpp.dir/rosidl_typesupport_cpp/custom_test_msgs/srv/add_three_ints__type_support.cpp.o[0m
[6.779s] [ 25%] [32mBuilding CXX object CMakeFiles/custom_test_msgs__rosidl_typesupport_introspection_cpp.dir/rosidl_typesupport_introspection_cpp/custom_test_msgs/srv/detail/add_three_ints__type_support.cpp.o[0m
[6.802s] [ 29%] [32mBuilding CXX object CMakeFiles/custom_test_msgs__rosidl_typesupport_fastrtps_cpp.dir/rosidl_typesupport_fastrtps_cpp/custom_test_msgs/srv/detail/dds_fastrtps/add_three_ints__type_support.cpp.o[0m
[6.903s] In file included from [01m[K/home/osawakousei/ros2_ws/src/custom_test_msgs/build/custom_test_msgs/rosidl_typesupport_cpp/custom_test_msgs/srv/add_three_ints__type_support.cpp:7[m[K:
[6.903s] [01m[K/home/osawakousei/ros2_ws/src/custom_test_msgs/build/custom_test_msgs/rosidl_generator_cpp/custom_test_msgs/srv/detail/add_three_ints__struct.hpp:22:10:[m[K [01;31m[Kfatal error: [m[Kcustom_test_msgs/msg/detail/int64__struct.hpp: „Åù„ÅÆ„Çà„ÅÜ„Å™„Éï„Ç°„Ç§„É´„ÇÑ„Éá„Ç£„É¨„ÇØ„Éà„É™„ÅØ„ÅÇ„Çä„Åæ„Åõ„Çì
[6.903s]    22 | #include [01;31m[K"custom_test_msgs/msg/detail/int64__struct.hpp"[m[K
[6.903s]       |          [01;31m[K^~~~~~~~~~~~~~~~~~~~~~~~~~~~~~~~~~~~~~~~~~~~~~~[m[K
[6.904s] compilation terminated.
[6.906s] gmake[2]: *** [CMakeFiles/custom_test_msgs__rosidl_typesupport_cpp.dir/build.make:86: CMakeFiles/custom_test_msgs__rosidl_typesupport_cpp.dir/rosidl_typesupport_cpp/custom_test_msgs/srv/add_three_ints__type_support.cpp.o] „Ç®„É©„Éº 1
[6.907s] gmake[1]: *** [CMakeFiles/Makefile2:395: CMakeFiles/custom_test_msgs__rosidl_typesupport_cpp.dir/all] „Ç®„É©„Éº 2
[6.986s] In file included from [01m[K/home/osawakousei/ros2_ws/src/custom_test_msgs/build/custom_test_msgs/rosidl_typesupport_introspection_cpp/custom_test_msgs/srv/detail/add_three_ints__type_support.cpp:12[m[K:
[6.986s] [01m[K/home/osawakousei/ros2_ws/src/custom_test_msgs/build/custom_test_msgs/rosidl_generator_cpp/custom_test_msgs/srv/detail/add_three_ints__struct.hpp:22:10:[m[K [01;31m[Kfatal error: [m[Kcustom_test_msgs/msg/detail/int64__struct.hpp: „Åù„ÅÆ„Çà„ÅÜ„Å™„Éï„Ç°„Ç§„É´„ÇÑ„Éá„Ç£„É¨„ÇØ„Éà„É™„ÅØ„ÅÇ„Çä„Åæ„Åõ„Çì
[6.987s]    22 | #include [01;31m[K"custom_test_msgs/msg/detail/int64__struct.hpp"[m[K
[6.987s]       |          [01;31m[K^~~~~~~~~~~~~~~~~~~~~~~~~~~~~~~~~~~~~~~~~~~~~~~[m[K
[6.987s] compilation terminated.
[6.992s] In file included from [01m[K/home/osawakousei/ros2_ws/src/custom_test_msgs/build/custom_test_msgs/rosidl_typesupport_fastrtps_cpp/custom_test_msgs/srv/detail/add_three_ints__rosidl_typesupport_fastrtps_cpp.hpp:11[m[K,
[6.992s]                  from [01m[K/home/osawakousei/ros2_ws/src/custom_test_msgs/build/custom_test_msgs/rosidl_typesupport_fastrtps_cpp/custom_test_msgs/srv/detail/dds_fastrtps/add_three_ints__type_support.cpp:4[m[K:
[6.993s] [01m[K/home/osawakousei/ros2_ws/src/custom_test_msgs/build/custom_test_msgs/rosidl_generator_cpp/custom_test_msgs/srv/detail/add_three_ints__struct.hpp:22:10:[m[K [01;31m[Kfatal error: [m[Kcustom_test_msgs/msg/detail/int64__struct.hpp: „Åù„ÅÆ„Çà„ÅÜ„Å™„Éï„Ç°„Ç§„É´„ÇÑ„Éá„Ç£„É¨„ÇØ„Éà„É™„ÅØ„ÅÇ„Çä„Åæ„Åõ„Çì
[6.993s]    22 | #include [01;31m[K"custom_test_msgs/msg/detail/int64__struct.hpp"[m[K
[6.994s]       |          [01;31m[K^~~~~~~~~~~~~~~~~~~~~~~~~~~~~~~~~~~~~~~~~~~~~~~[m[K
[6.994s] compilation terminated.
[6.994s] gmake[2]: *** [CMakeFiles/custom_test_msgs__rosidl_typesupport_introspection_cpp.dir/build.make:91: CMakeFiles/custom_test_msgs__rosidl_typesupport_introspection_cpp.dir/rosidl_typesupport_introspection_cpp/custom_test_msgs/srv/detail/add_three_ints__type_support.cpp.o] „Ç®„É©„Éº 1
[6.994s] gmake[1]: *** [CMakeFiles/Makefile2:369: CMakeFiles/custom_test_msgs__rosidl_typesupport_introspection_cpp.dir/all] „Ç®„É©„Éº 2
[6.998s] gmake[2]: *** [CMakeFiles/custom_test_msgs__rosidl_typesupport_fastrtps_cpp.dir/build.make:91: CMakeFiles/custom_test_msgs__rosidl_typesupport_fastrtps_cpp.dir/rosidl_typesupport_fastrtps_cpp/custom_test_msgs/srv/detail/dds_fastrtps/add_three_ints__type_support.cpp.o] „Ç®„É©„Éº 1
[6.999s] gmake[1]: *** [CMakeFiles/Makefile2:343: CMakeFiles/custom_test_msgs__rosidl_typesupport_fastrtps_cpp.dir/all] „Ç®„É©„Éº 2
[6.999s] gmake: *** [Makefile:146: all] „Ç®„É©„Éº 2
[7.007s] Invoked command in '/home/osawakousei/ros2_ws/src/custom_test_msgs/build/custom_test_msgs' returned '2': CMAKE_PREFIX_PATH=${CMAKE_PREFIX_PATH}:/opt/ros/humble /usr/bin/cmake --build /home/osawakousei/ros2_ws/src/custom_test_msgs/build/custom_test_msgs -- -j8 -l8
